<?xml version="1.0" encoding="utf-8"?><testsuites name="pytest tests"><testsuite name="pytest" errors="0" failures="0" skipped="0" tests="39" time="18.353" timestamp="2026-07-03T14:44:22.358227+00:00" hostname="agent-env-da40cbce-2445-4aca-8685-4bf6b1aeccd2"><testcase classname="backend.tests.backend_test.TestAuth" name="test_login_success_primary" time="0.432" /><testcase classname="backend.tests.backend_test.TestAuth" name="test_login_case_insensitive_azzam" time="0.327" /><testcase classname="backend.tests.backend_test.TestAuth" name="test_login_wrong_password" time="0.315" /><testcase classname="backend.tests.backend_test.TestAuth" name="test_login_non_whitelisted" time="0.097" /><testcase classname="backend.tests.backend_test.TestAuth" name="test_me_with_token" time="0.449" /><testcase classname="backend.tests.backend_test.TestAuth" name="test_protected_route_without_token" time="0.128" /><testcase classname="backend.tests.backend_test.TestAuth" name="test_google_session_invalid" time="0.217" /><testcase classname="backend.tests.backend_test.TestClients" name="test_create_client" time="0.097" /><testcase classname="backend.tests.backend_test.TestClients" name="test_list_clients" time="0.098" /><testcase classname="backend.tests.backend_test.TestClients" name="test_search_clients" time="0.097" /><testcase classname="backend.tests.backend_test.TestClients" name="test_get_client" time="0.168" /><testcase classname="backend.tests.backend_test.TestClients" name="test_update_client" time="0.135" /><testcase classname="backend.tests.backend_test.TestClients" name="test_add_log" time="0.202" /><testcase classname="backend.tests.backend_test.TestClients" name="test_delete_log" time="0.201" /><testcase classname="backend.tests.backend_test.TestClients" name="test_delete_client" time="0.246" /><testcase classname="backend.tests.backend_test.TestFinance" name="test_create_income" time="0.140" /><testcase classname="backend.tests.backend_test.TestFinance" name="test_create_expense" time="0.100" /><testcase classname="backend.tests.backend_test.TestFinance" name="test_create_withdrawal" time="0.097" /><testcase classname="backend.tests.backend_test.TestFinance" name="test_create_subscription" time="0.097" /><testcase classname="backend.tests.backend_test.TestFinance" name="test_create_debt_and_toggle_paid" time="0.215" /><testcase classname="backend.tests.backend_test.TestFinance" name="test_summary_math" time="0.091" /><testcase classname="backend.tests.backend_test.TestFinance" name="test_filter_by_type" time="0.110" /><testcase classname="backend.tests.backend_test.TestFinance" name="test_cleanup_transactions" time="0.494" /><testcase classname="backend.tests.backend_test.TestContent" name="test_create" time="0.107" /><testcase classname="backend.tests.backend_test.TestContent" name="test_list" time="0.095" /><testcase classname="backend.tests.backend_test.TestContent" name="test_stage_update" time="0.135" /><testcase classname="backend.tests.backend_test.TestContent" name="test_delete" time="0.100" /><testcase classname="backend.tests.backend_test.TestEvents" name="test_create" time="0.123" /><testcase classname="backend.tests.backend_test.TestEvents" name="test_list" time="0.106" /><testcase classname="backend.tests.backend_test.TestEvents" name="test_delete" time="0.096" /><testcase classname="backend.tests.backend_test.TestServicesLinks" name="test_services_seeded" time="0.103" /><testcase classname="backend.tests.backend_test.TestServicesLinks" name="test_links_seeded" time="0.093" /><testcase classname="backend.tests.backend_test.TestServicesLinks" name="test_service_crud" time="0.287" /><testcase classname="backend.tests.backend_test.TestServicesLinks" name="test_link_crud" time="0.195" /><testcase classname="backend.tests.backend_test.TestDashboard" name="test_dashboard" time="0.103" /><testcase classname="backend.tests.backend_test.TestSanad" name="test_chat_arabic_with_action" time="5.273" /><testcase classname="backend.tests.backend_test.TestSanad" name="test_history" time="0.104" /><testcase classname="backend.tests.backend_test.TestSanad" name="test_clear_history" time="0.199" /><testcase classname="backend.tests.backend_test.TestInvoice" name="test_analyze_invoice_pdf" time="6.566" /></testsuite></testsuites>