<?xml version="1.0" encoding="utf-8"?><testsuites name="pytest tests"><testsuite name="pytest" errors="0" failures="0" skipped="0" tests="26" time="18.598" timestamp="2026-07-03T17:57:48.259970+00:00" hostname="agent-env-da40cbce-2445-4aca-8685-4bf6b1aeccd2"><testcase classname="backend.tests.test_iteration_4.TestSupabaseUpload" name="test_upload_small_file" time="0.842" /><testcase classname="backend.tests.test_iteration_4.TestSupabaseUpload" name="test_get_attachment_returns_signed_url" time="0.256" /><testcase classname="backend.tests.test_iteration_4.TestSupabaseUpload" name="test_signed_url_downloads_file" time="0.893" /><testcase classname="backend.tests.test_iteration_4.TestSupabaseUpload" name="test_upload_over_15mb_returns_413" time="0.040" /><testcase classname="backend.tests.test_iteration_4.TestSupabaseUpload" name="test_delete_log_removes_supabase_file" time="0.307" /><testcase classname="backend.tests.test_iteration_4.TestLegacyBase64Log" name="test_legacy_endpoint_and_attachment_response_shape" time="1.125" /><testcase classname="backend.tests.test_iteration_4.TestGoogleConfig" name="test_google_status" time="0.003" /><testcase classname="backend.tests.test_iteration_4.TestGoogleConfig" name="test_google_auth_url" time="0.003" /><testcase classname="backend.tests.test_iteration_4.TestGoogleAccounts" name="test_list_accounts_empty" time="0.003" /><testcase classname="backend.tests.test_iteration_4.TestGoogleAccounts" name="test_delete_nonexistent_returns_404" time="0.003" /><testcase classname="backend.tests.test_iteration_4.TestCalendarNoAccount" name="test_create_event_no_link_returns_404" time="0.003" /><testcase classname="backend.tests.test_iteration_4.TestCalendarNoAccount" name="test_list_events_no_link_returns_404" time="0.003" /><testcase classname="backend.tests.test_iteration_4.TestGoogleCallback" name="test_callback_no_params_redirects_missing_code" time="0.002" /><testcase classname="backend.tests.test_iteration_4.TestGoogleCallback" name="test_callback_error_param_redirects_access_denied" time="0.002" /><testcase classname="backend.tests.test_iteration_4" name="test_regression_get[/dashboard]" time="0.004" /><testcase classname="backend.tests.test_iteration_4" name="test_regression_get[/dashboard/timeseries]" time="0.004" /><testcase classname="backend.tests.test_iteration_4" name="test_regression_get[/finance/statistics]" time="0.003" /><testcase classname="backend.tests.test_iteration_4" name="test_regression_get[/service-types]" time="0.003" /><testcase classname="backend.tests.test_iteration_4" name="test_regression_get[/my-pricing]" time="0.003" /><testcase classname="backend.tests.test_iteration_4" name="test_regression_get[/categories]" time="0.003" /><testcase classname="backend.tests.test_iteration_4" name="test_regression_get[/insights/weekly]" time="6.817" /><testcase classname="backend.tests.test_iteration_4" name="test_regression_get[/links]" time="0.004" /><testcase classname="backend.tests.test_iteration_4.TestRegressionSanad" name="test_price_opinion" time="0.003" /><testcase classname="backend.tests.test_iteration_4.TestRegressionSanad" name="test_suggest_content" time="8.139" /><testcase classname="backend.tests.test_iteration_4.TestRegressionSanad" name="test_pricing_advice" time="0.004" /><testcase classname="backend.tests.test_iteration_4.TestRegressionLinks" name="test_links_crud" time="0.011" /></testsuite></testsuites>