<?xml version="1.0" encoding="utf-8"?><testsuites name="pytest tests"><testsuite name="pytest" errors="0" failures="0" skipped="0" tests="35" time="44.198" timestamp="2026-07-03T16:48:32.906339+00:00" hostname="agent-env-da40cbce-2445-4aca-8685-4bf6b1aeccd2"><testcase classname="backend.tests.test_new_features.TestRegression" name="test_login_ok" time="0.451" /><testcase classname="backend.tests.test_new_features.TestRegression" name="test_login_unauthorized_email" time="0.115" /><testcase classname="backend.tests.test_new_features.TestRegression" name="test_get_endpoints[/dashboard]" time="0.465" /><testcase classname="backend.tests.test_new_features.TestRegression" name="test_get_endpoints[/clients]" time="0.139" /><testcase classname="backend.tests.test_new_features.TestRegression" name="test_get_endpoints[/transactions]" time="0.105" /><testcase classname="backend.tests.test_new_features.TestRegression" name="test_get_endpoints[/content]" time="0.096" /><testcase classname="backend.tests.test_new_features.TestRegression" name="test_get_endpoints[/events]" time="0.131" /><testcase classname="backend.tests.test_new_features.TestRegression" name="test_get_endpoints[/services]" time="0.147" /><testcase classname="backend.tests.test_new_features.TestRegression" name="test_get_endpoints[/links]" time="0.093" /><testcase classname="backend.tests.test_new_features.TestCategories" name="test_seeded_defaults_present" time="0.140" /><testcase classname="backend.tests.test_new_features.TestCategories" name="test_filter_by_service_type_drone" time="0.103" /><testcase classname="backend.tests.test_new_features.TestCategories" name="test_filter_by_service_type_editing" time="0.098" /><testcase classname="backend.tests.test_new_features.TestCategories" name="test_create_category" time="0.146" /><testcase classname="backend.tests.test_new_features.TestCategories" name="test_create_duplicate_returns_400" time="0.468" /><testcase classname="backend.tests.test_new_features.TestCategories" name="test_update_category" time="0.093" /><testcase classname="backend.tests.test_new_features.TestCategories" name="test_delete_category" time="0.235" /><testcase classname="backend.tests.test_new_features.TestClientSubCategory" name="test_create_with_sub_category" time="0.093" /><testcase classname="backend.tests.test_new_features.TestClientSubCategory" name="test_get_returns_sub_category" time="0.101" /><testcase classname="backend.tests.test_new_features.TestClientSubCategory" name="test_update_sub_category" time="0.188" /><testcase classname="backend.tests.test_new_features.TestClientLogsAttachment" name="test_add_log_with_attachment" time="0.095" /><testcase classname="backend.tests.test_new_features.TestClientLogsAttachment" name="test_get_attachment_data" time="0.424" /><testcase classname="backend.tests.test_new_features.TestClientLogsAttachment" name="test_add_log_text_only_still_works" time="0.114" /><testcase classname="backend.tests.test_new_features.TestClientLogsAttachment" name="test_get_client_returns_logs_with_metadata" time="0.103" /><testcase classname="backend.tests.test_new_features.TestClientLogsAttachment" name="test_cleanup_client" time="0.105" /><testcase classname="backend.tests.test_new_features.TestSanadAssist" name="test_price_opinion_with_price" time="4.200" /><testcase classname="backend.tests.test_new_features.TestSanadAssist" name="test_price_opinion_zero_price" time="0.124" /><testcase classname="backend.tests.test_new_features.TestSanadAssist" name="test_suggest_categories" time="7.374" /><testcase classname="backend.tests.test_new_features.TestSanadAssist" name="test_suggest_content" time="7.508" /><testcase classname="backend.tests.test_new_features.TestSanadAssist" name="test_suggest_services" time="9.899" /><testcase classname="backend.tests.test_new_features.TestSanadChatActions" name="test_add_category_via_chat" time="5.670" /><testcase classname="backend.tests.test_new_features.TestSanadChatActions" name="test_add_service_via_chat" time="4.105" /><testcase classname="backend.tests.test_new_features.TestSanadChatActions" name="test_cleanup" time="0.299" /><testcase classname="backend.tests.test_new_features.TestDashboardTimeseries" name="test_default_6_months" time="0.096" /><testcase classname="backend.tests.test_new_features.TestDashboardTimeseries" name="test_custom_3_months" time="0.098" /><testcase classname="backend.tests.test_new_features.TestDashboardTimeseries" name="test_income_reflected_in_current_month" time="0.450" /></testsuite></testsuites>