<?xml version="1.0" encoding="utf-8"?><testsuites name="pytest tests"><testsuite name="pytest" errors="0" failures="1" skipped="0" tests="38" time="60.633" timestamp="2026-07-03T17:30:05.204324+00:00" hostname="agent-env-da40cbce-2445-4aca-8685-4bf6b1aeccd2"><testcase classname="backend.tests.test_phase_b.TestServiceTypes" name="test_list_defaults_present" time="0.593" /><testcase classname="backend.tests.test_phase_b.TestServiceTypes" name="test_create_custom_type" time="0.133" /><testcase classname="backend.tests.test_phase_b.TestServiceTypes" name="test_create_duplicate_returns_400" time="0.134" /><testcase classname="backend.tests.test_phase_b.TestServiceTypes" name="test_update_label" time="0.136" /><testcase classname="backend.tests.test_phase_b.TestServiceTypes" name="test_delete_default_blocked" time="0.351" /><testcase classname="backend.tests.test_phase_b.TestServiceTypes" name="test_delete_custom_ok" time="0.238" /><testcase classname="backend.tests.test_phase_b.TestMyPricing" name="test_create" time="0.172" /><testcase classname="backend.tests.test_phase_b.TestMyPricing" name="test_list_contains_created" time="0.111" /><testcase classname="backend.tests.test_phase_b.TestMyPricing" name="test_filter_by_service_type" time="0.240" /><testcase classname="backend.tests.test_phase_b.TestMyPricing" name="test_update" time="0.153" /><testcase classname="backend.tests.test_phase_b.TestMyPricing" name="test_delete" time="0.278" /><testcase classname="backend.tests.test_phase_b.TestSanadPricingAdvice" name="test_no_pricing_returns_placeholder" time="0.235" /><testcase classname="backend.tests.test_phase_b.TestSanadPricingAdvice" name="test_advice_with_pricing_rows" time="13.347" /><testcase classname="backend.tests.test_phase_b.TestSanadPricingAdvice" name="test_cleanup" time="0.223" /><testcase classname="backend.tests.test_phase_b.TestSanadExplainServiceType" name="test_explain" time="6.117" /><testcase classname="backend.tests.test_phase_b.TestWeeklyInsights" name="test_shape" time="5.891" /><testcase classname="backend.tests.test_phase_b.TestFinanceStatistics" name="test_default_shape_and_length" time="0.110" /><testcase classname="backend.tests.test_phase_b.TestFinanceStatistics" name="test_reflects_new_transactions" time="0.464" /><testcase classname="backend.tests.test_phase_b.TestFinanceStatistics" name="test_cleanup" time="0.197" /><testcase classname="backend.tests.test_phase_b.TestBankStatement" name="test_analyze_deletes_uploaded_file" time="3.886" /><testcase classname="backend.tests.test_phase_b.TestBankStatement" name="test_save_inserts_transactions" time="0.227" /><testcase classname="backend.tests.test_phase_b.TestBankStatement" name="test_save_empty_returns_zero" time="0.100" /><testcase classname="backend.tests.test_phase_b.TestBankStatement" name="test_cleanup" time="0.094" /><testcase classname="backend.tests.test_phase_b.TestLinks" name="test_defaults_present" time="0.141"><failure message="AssertionError: expected defaults, got {'Google Drive', 'لوحة Netlify', 'موقع AZVIO الرئيسي', 'لوحة Supabase'}&#10;assert ('منصة رائد' in {'Google Drive', 'لوحة Netlify', 'لوحة Supabase', 'موقع AZVIO الرئيسي'} or 'موقع AZVIO' in {'Google Drive', 'لوحة Netlify', 'لوحة Supabase', 'موقع AZVIO الرئيسي'})">backend/tests/test_phase_b.py:426: in test_defaults_present
    assert "منصة رائد" in titles or "موقع AZVIO" in titles, f"expected defaults, got {titles}"
E   AssertionError: expected defaults, got {'Google Drive', 'لوحة Netlify', 'موقع AZVIO الرئيسي', 'لوحة Supabase'}
E   assert ('منصة رائد' in {'Google Drive', 'لوحة Netlify', 'لوحة Supabase', 'موقع AZVIO الرئيسي'} or 'موقع AZVIO' in {'Google Drive', 'لوحة Netlify', 'لوحة Supabase', 'موقع AZVIO الرئيسي'})</failure></testcase><testcase classname="backend.tests.test_phase_b.TestLinks" name="test_create" time="0.106" /><testcase classname="backend.tests.test_phase_b.TestLinks" name="test_update" time="0.105" /><testcase classname="backend.tests.test_phase_b.TestLinks" name="test_delete" time="0.202" /><testcase classname="backend.tests.test_phase_b.TestRegressionOldEndpoints" name="test_get_ok[/categories]" time="0.099" /><testcase classname="backend.tests.test_phase_b.TestRegressionOldEndpoints" name="test_get_ok[/clients]" time="0.102" /><testcase classname="backend.tests.test_phase_b.TestRegressionOldEndpoints" name="test_get_ok[/transactions]" time="0.405" /><testcase classname="backend.tests.test_phase_b.TestRegressionOldEndpoints" name="test_get_ok[/content]" time="0.098" /><testcase classname="backend.tests.test_phase_b.TestRegressionOldEndpoints" name="test_get_ok[/events]" time="0.114" /><testcase classname="backend.tests.test_phase_b.TestRegressionOldEndpoints" name="test_get_ok[/dashboard]" time="0.094" /><testcase classname="backend.tests.test_phase_b.TestRegressionOldEndpoints" name="test_get_ok[/dashboard/timeseries]" time="0.274" /><testcase classname="backend.tests.test_phase_b.TestRegressionOldEndpoints" name="test_sanad_price_opinion_still_works" time="4.606" /><testcase classname="backend.tests.test_phase_b.TestRegressionOldEndpoints" name="test_sanad_suggest_services" time="6.865" /><testcase classname="backend.tests.test_phase_b.TestRegressionOldEndpoints" name="test_sanad_suggest_categories" time="7.091" /><testcase classname="backend.tests.test_phase_b.TestRegressionOldEndpoints" name="test_sanad_chat_add_category_action" time="6.736" /></testsuite></testsuites>